<?xml version="1.0" encoding="UTF-8"?>
<beans xmlns="http://www.springframework.org/schema/beans"
       xmlns:xsi="http://www.w3.org/2001/XMLSchema-instance"
       xmlns:jdbc="http://www.springframework.org/schema/jdbc"
       xmlns:context="http://www.springframework.org/schema/context" xmlns:tx="http://www.springframework.org/schema/tx"
       xsi:schemaLocation="http://www.springframework.org/schema/beans
         http://www.springframework.org/schema/beans/spring-beans-3.0.xsd
         http://www.springframework.org/schema/jdbc
         http://www.springframework.org/schema/jdbc/spring-jdbc-3.0.xsd
         http://www.springframework.org/schema/beans
         http://www.springframework.org/schema/beans/spring-beans.xsd
         http://www.springframework.org/schema/context
         http://www.springframework.org/schema/context/spring-context.xsd
         http://www.springframework.org/schema/tx http://www.springframework.org/schema/tx/spring-tx.xsd">

    <jdbc:embedded-database id="dataSource" type="H2">
        <jdbc:script location="classpath:db/sql/create-db.sql"/>
        <jdbc:script location="classpath:db/sql/insert-data.sql"/>
    </jdbc:embedded-database>

    <bean id="sessionFactory" class="org.springframework.orm.hibernate5.LocalSessionFactoryBean">
        <property name="dataSource" ref="dataSource"/>
        <property name="configLocation" value="classpath:hibernate.cfg.xml"/>
        <property name="annotatedClasses">
            <list>
                <value>by.samsolutions.internship.java.mygoals.domain.Goal</value>
                <value>by.samsolutions.internship.java.mygoals.domain.User</value>
                <value>by.samsolutions.internship.java.mygoals.domain.Stage</value>
                <value>by.samsolutions.internship.java.mygoals.domain.Task</value>
            </list>
        </property>
    </bean>

    <bean id="transactionManager"
          class="org.springframework.orm.hibernate5.HibernateTransactionManager">
          <property name="sessionFactory" ref="sessionFactory" />
    </bean>

    <tx:annotation-driven/>

    <context:component-scan base-package="by.samsolutions.internship.java.mygoals.domain"/>

    <bean class="by.samsolutions.internship.java.mygoals.mvc.GoalController"/>

    <bean id="goalDao" class="by.samsolutions.internship.java.mygoals.dao.hibernate.GoalDaoImpl">
        <property name="sessionFactory" ref="sessionFactory"/>
    </bean>

    <bean id="stageDao" class="by.samsolutions.internship.java.mygoals.dao.hibernate.StageDaoImpl">
        <property name="sessionFactory" ref="sessionFactory"/>
    </bean>

    <bean id="taskDao" class="by.samsolutions.internship.java.mygoals.dao.hibernate.TaskDaoImpl">
        <property name="sessionFactory" ref="sessionFactory"/>
    </bean>

    <bean id="userDao" class="by.samsolutions.internship.java.mygoals.dao.hibernate.UserDaoImpl">
        <property name="sessionFactory" ref="sessionFactory"/>
    </bean>


    <bean id="goalService" class="by.samsolutions.internship.java.mygoals.service.impl.GoalServiceImpl"/>
    <bean id="stageService" class="by.samsolutions.internship.java.mygoals.service.impl.StageServiceImpl"/>
    <bean id="taskService" class="by.samsolutions.internship.java.mygoals.service.impl.TaskServiceImpl"/>
    <bean id="userService" class="by.samsolutions.internship.java.mygoals.service.impl.UserServiceImpl"/>

    <bean id="encoder"
                class="org.springframework.security.crypto.bcrypt.BCryptPasswordEncoder">
        <constructor-arg name="strength" value="11"/>
    </bean>

    <bean id="modelMapper" class="org.modelmapper.ModelMapper"/>
</beans>